0 info it worked if it ends with ok
1 verbose cli [ '/usr/local/bin/node',
1 verbose cli   '/usr/local/bin/npm',
1 verbose cli   'install',
1 verbose cli   '-g',
1 verbose cli   'supervisor' ]
2 info using npm@2.14.12
3 info using node@v4.3.2
4 verbose install initial load of /usr/local/lib/package.json
5 verbose readDependencies loading dependencies from /usr/local/lib/package.json
6 silly cache add args [ 'supervisor', null ]
7 verbose cache add spec supervisor
8 silly cache add parsed spec Result {
8 silly cache add   raw: 'supervisor',
8 silly cache add   scope: null,
8 silly cache add   name: 'supervisor',
8 silly cache add   rawSpec: '',
8 silly cache add   spec: 'latest',
8 silly cache add   type: 'tag' }
9 silly addNamed supervisor@latest
10 verbose addNamed "latest" is being treated as a dist-tag for supervisor
11 info addNameTag [ 'supervisor', 'latest' ]
12 silly mapToRegistry name supervisor
13 silly mapToRegistry using default registry
14 silly mapToRegistry registry https://registry.npmjs.org/
15 silly mapToRegistry uri https://registry.npmjs.org/supervisor
16 verbose addNameTag registry:https://registry.npmjs.org/supervisor not in flight; fetching
17 verbose request uri https://registry.npmjs.org/supervisor
18 verbose request no auth needed
19 info attempt registry request try #1 at 11:00:23
20 verbose request id 46fafea2700c5620
21 verbose etag "1LGNFWCAID6NMDE5VLF8F7G2U"
22 http request GET https://registry.npmjs.org/supervisor
23 http 200 https://registry.npmjs.org/supervisor
24 verbose headers { server: 'CouchDB/1.5.0 (Erlang OTP/R16B03)',
24 verbose headers   etag: '"EHSKGU2SVWRDD9E1LQV1YM765"',
24 verbose headers   'content-type': 'application/json',
24 verbose headers   'content-encoding': 'gzip',
24 verbose headers   'cache-control': 'max-age=300',
24 verbose headers   'content-length': '7689',
24 verbose headers   'accept-ranges': 'bytes',
24 verbose headers   date: 'Wed, 25 May 2016 03:00:22 GMT',
24 verbose headers   via: '1.1 varnish',
24 verbose headers   age: '36',
24 verbose headers   connection: 'keep-alive',
24 verbose headers   'x-served-by': 'cache-sin6926-SIN',
24 verbose headers   'x-cache': 'HIT',
24 verbose headers   'x-cache-hits': '1',
24 verbose headers   'x-timer': 'S1464145222.028791,VS0,VE0',
24 verbose headers   vary: 'Accept-Encoding' }
25 silly get cb [ 200,
25 silly get   { server: 'CouchDB/1.5.0 (Erlang OTP/R16B03)',
25 silly get     etag: '"EHSKGU2SVWRDD9E1LQV1YM765"',
25 silly get     'content-type': 'application/json',
25 silly get     'content-encoding': 'gzip',
25 silly get     'cache-control': 'max-age=300',
25 silly get     'content-length': '7689',
25 silly get     'accept-ranges': 'bytes',
25 silly get     date: 'Wed, 25 May 2016 03:00:22 GMT',
25 silly get     via: '1.1 varnish',
25 silly get     age: '36',
25 silly get     connection: 'keep-alive',
25 silly get     'x-served-by': 'cache-sin6926-SIN',
25 silly get     'x-cache': 'HIT',
25 silly get     'x-cache-hits': '1',
25 silly get     'x-timer': 'S1464145222.028791,VS0,VE0',
25 silly get     vary: 'Accept-Encoding' } ]
26 verbose get saving supervisor to /Users/cheri/.npm/registry.npmjs.org/supervisor/.cache.json
27 silly addNameTag next cb for supervisor with tag latest
28 silly addNamed supervisor@0.10.0
29 verbose addNamed "0.10.0" is a plain semver version for supervisor
30 silly mapToRegistry name supervisor
31 silly mapToRegistry using default registry
32 silly mapToRegistry registry https://registry.npmjs.org/
33 silly mapToRegistry uri https://registry.npmjs.org/supervisor
34 verbose addRemoteTarball https://registry.npmjs.org/supervisor/-/supervisor-0.10.0.tgz not in flight; adding
35 verbose addRemoteTarball [ 'https://registry.npmjs.org/supervisor/-/supervisor-0.10.0.tgz',
35 verbose addRemoteTarball   '27990351d4e0d452dc2298810e804a369ad42b12' ]
36 info retry fetch attempt 1 at 11:00:24
37 info attempt registry request try #1 at 11:00:24
38 http fetch GET https://registry.npmjs.org/supervisor/-/supervisor-0.10.0.tgz
39 http fetch 200 https://registry.npmjs.org/supervisor/-/supervisor-0.10.0.tgz
40 silly fetchAndShaCheck shasum 27990351d4e0d452dc2298810e804a369ad42b12
41 verbose addTmpTarball /var/folders/4v/qjt2x6fd6zx9lglxt02wds3c0000gn/T/npm-2603-da027a13/registry.npmjs.org/supervisor/-/supervisor-0.10.0.tgz not in flight; adding
42 verbose addTmpTarball already have metadata; skipping unpack for supervisor@0.10.0
43 silly cache afterAdd supervisor@0.10.0
44 verbose afterAdd /Users/cheri/.npm/supervisor/0.10.0/package/package.json not in flight; writing
45 verbose afterAdd /Users/cheri/.npm/supervisor/0.10.0/package/package.json written
46 silly install resolved [ { name: 'supervisor',
46 silly install resolved     version: '0.10.0',
46 silly install resolved     description: 'A supervisor program for running nodejs programs',
46 silly install resolved     author: { name: 'Isaac Z. Schlueter', email: 'i@izs.me' },
46 silly install resolved     license: 'MIT',
46 silly install resolved     contributors:
46 silly install resolved      [ [Object],
46 silly install resolved        [Object],
46 silly install resolved        [Object],
46 silly install resolved        [Object],
46 silly install resolved        [Object],
46 silly install resolved        [Object],
46 silly install resolved        [Object],
46 silly install resolved        [Object],
46 silly install resolved        [Object],
46 silly install resolved        [Object],
46 silly install resolved        [Object],
46 silly install resolved        [Object],
46 silly install resolved        [Object],
46 silly install resolved        [Object],
46 silly install resolved        [Object],
46 silly install resolved        [Object],
46 silly install resolved        [Object],
46 silly install resolved        [Object],
46 silly install resolved        [Object],
46 silly install resolved        [Object],
46 silly install resolved        [Object],
46 silly install resolved        [Object],
46 silly install resolved        [Object],
46 silly install resolved        [Object],
46 silly install resolved        [Object],
46 silly install resolved        [Object],
46 silly install resolved        [Object] ],
46 silly install resolved     repository:
46 silly install resolved      { type: 'git',
46 silly install resolved        url: 'git://github.com/petruisfan/node-supervisor.git' },
46 silly install resolved     bugs: { url: 'https://github.com/petruisfan/node-supervisor/issues' },
46 silly install resolved     homepage: 'https://github.com/petruisfan/node-supervisor/',
46 silly install resolved     main: 'lib/supervisor.js',
46 silly install resolved     bin:
46 silly install resolved      { 'node-supervisor': 'lib/cli-wrapper.js',
46 silly install resolved        supervisor: 'lib/cli-wrapper.js' },
46 silly install resolved     engines: { node: '>=0.6.0' },
46 silly install resolved     scripts: { test: './node_modules/nodeunit/bin/nodeunit test/*.test.js' },
46 silly install resolved     preferGlobal: true,
46 silly install resolved     devDependencies: { nodeunit: '~0.9.0' },
46 silly install resolved     gitHead: '6ff55b28c8a853375c0ed7cb3305884b23a9fcce',
46 silly install resolved     _id: 'supervisor@0.10.0',
46 silly install resolved     _shasum: '27990351d4e0d452dc2298810e804a369ad42b12',
46 silly install resolved     _from: 'supervisor@latest',
46 silly install resolved     _npmVersion: '3.6.0',
46 silly install resolved     _nodeVersion: '5.6.0',
46 silly install resolved     _npmUser: { name: 'petruisfan', email: 'petru.isfan@gmail.com' },
46 silly install resolved     dist:
46 silly install resolved      { shasum: '27990351d4e0d452dc2298810e804a369ad42b12',
46 silly install resolved        tarball: 'https://registry.npmjs.org/supervisor/-/supervisor-0.10.0.tgz' },
46 silly install resolved     maintainers: [ [Object], [Object], [Object] ],
46 silly install resolved     _npmOperationalInternal:
46 silly install resolved      { host: 'packages-12-west.internal.npmjs.com',
46 silly install resolved        tmp: 'tmp/supervisor-0.10.0.tgz_1459858156728_0.7456073639914393' },
46 silly install resolved     directories: {},
46 silly install resolved     _resolved: 'https://registry.npmjs.org/supervisor/-/supervisor-0.10.0.tgz' } ]
47 info install supervisor@0.10.0 into /usr/local/lib
48 info installOne supervisor@0.10.0
49 verbose installOne of supervisor to /usr/local/lib not in flight; installing
50 verbose lock using /Users/cheri/.npm/_locks/supervisor-1d502911d0840b8c.lock for /usr/local/lib/node_modules/supervisor
51 silly install write writing supervisor 0.10.0 to /usr/local/lib/node_modules/supervisor
52 verbose unbuild lib/node_modules/supervisor
53 silly gentlyRm /usr/local/lib/node_modules/supervisor is being purged from base /usr/local
54 verbose gentlyRm don't care about contents; nuking /usr/local/lib/node_modules/supervisor
55 verbose tar unpack /Users/cheri/.npm/supervisor/0.10.0/package.tgz
56 verbose tar unpacking to /usr/local/lib/node_modules/supervisor
57 silly gentlyRm /usr/local/lib/node_modules/supervisor is being purged
58 verbose gentlyRm don't care about contents; nuking /usr/local/lib/node_modules/supervisor
59 silly gunzTarPerm modes [ '755', '644' ]
60 error tar.unpack untar error /Users/cheri/.npm/supervisor/0.10.0/package.tgz
61 verbose unlock done using /Users/cheri/.npm/_locks/supervisor-1d502911d0840b8c.lock for /usr/local/lib/node_modules/supervisor
62 verbose fstream_path /usr/local/lib/node_modules/supervisor
63 verbose fstream_type Directory
64 verbose fstream_class DirWriter
65 verbose stack Error: EACCES: permission denied, mkdir '/usr/local/lib/node_modules/supervisor'
65 verbose stack     at Error (native)
66 verbose fstream_stack /usr/local/lib/node_modules/npm/node_modules/fstream/lib/dir-writer.js:35:25
66 verbose fstream_stack /usr/local/lib/node_modules/npm/node_modules/mkdirp/index.js:47:53
66 verbose fstream_stack FSReqWrap.oncomplete (fs.js:82:15)
67 verbose cwd /Users/cheri/Desktop/demo-master
68 error Darwin 15.4.0
69 error argv "/usr/local/bin/node" "/usr/local/bin/npm" "install" "-g" "supervisor"
70 error node v4.3.2
71 error npm  v2.14.12
72 error path /usr/local/lib/node_modules/supervisor
73 error code EACCES
74 error errno -13
75 error syscall mkdir
76 error Error: EACCES: permission denied, mkdir '/usr/local/lib/node_modules/supervisor'
76 error     at Error (native)
76 error  { [Error: EACCES: permission denied, mkdir '/usr/local/lib/node_modules/supervisor']
76 error   errno: -13,
76 error   code: 'EACCES',
76 error   syscall: 'mkdir',
76 error   path: '/usr/local/lib/node_modules/supervisor',
76 error   fstream_type: 'Directory',
76 error   fstream_path: '/usr/local/lib/node_modules/supervisor',
76 error   fstream_class: 'DirWriter',
76 error   fstream_stack:
76 error    [ '/usr/local/lib/node_modules/npm/node_modules/fstream/lib/dir-writer.js:35:25',
76 error      '/usr/local/lib/node_modules/npm/node_modules/mkdirp/index.js:47:53',
76 error      'FSReqWrap.oncomplete (fs.js:82:15)' ] }
77 error Please try running this command again as root/Administrator.
78 verbose exit [ -13, true ]
79 verbose unbuild lib/node_modules/supervisor
80 silly gentlyRm /usr/local/lib/node_modules/supervisor is being purged from base /usr/local
81 verbose gentlyRm don't care about contents; nuking /usr/local/lib/node_modules/supervisor
